#-----------------------------------------------------------
# Vivado v2018.3 (64-bit)
# SW Build 2405991 on Thu Dec  6 23:38:27 MST 2018
# IP Build 2404404 on Fri Dec  7 01:43:56 MST 2018
# Start of session at: Thu Oct 13 20:25:56 2022
# Process ID: 19016
# Current directory: E:/MiniMIPS32_Ubuntu/MiniMIPS32/MiniMIPS32.srcs/sources_1/ip/clk_wiz_0
# Command line: vivado.exe -gui_launcher_event rodinguilauncherevent20912 E:\MiniMIPS32_Ubuntu\MiniMIPS32\MiniMIPS32.srcs\sources_1\ip\clk_wiz_0\clk_wiz_0.dcp
# Log file: E:/MiniMIPS32_Ubuntu/MiniMIPS32/MiniMIPS32.srcs/sources_1/ip/clk_wiz_0/vivado.log
# Journal file: E:/MiniMIPS32_Ubuntu/MiniMIPS32/MiniMIPS32.srcs/sources_1/ip/clk_wiz_0\vivado.jou
#-----------------------------------------------------------
start_gui
open_checkpoint E:/MiniMIPS32_Ubuntu/MiniMIPS32/MiniMIPS32.srcs/sources_1/ip/clk_wiz_0/clk_wiz_0.dcp
Command: open_checkpoint E:/MiniMIPS32_Ubuntu/MiniMIPS32/MiniMIPS32.srcs/sources_1/ip/clk_wiz_0/clk_wiz_0.dcp

Starting open_checkpoint Task

Time (s): cpu = 00:00:00 ; elapsed = 00:00:00.069 . Memory (MB): peak = 624.312 ; gain = 0.000
INFO: [IP_Flow 19-234] Refreshing IP repositories
INFO: [IP_Flow 19-1704] No user IP repositories specified
INFO: [IP_Flow 19-2313] Loaded Vivado IP repository 'E:/Xilinx/Vivado/2018.3/data/ip'.
INFO: [Netlist 29-17] Analyzing 1 Unisim elements for replacement
INFO: [Netlist 29-28] Unisim Transformation completed in 0 CPU seconds
INFO: [Project 1-479] Netlist was created with Vivado 2017.3
INFO: [Device 21-403] Loading part xc7a100tcsg324-1
INFO: [Project 1-570] Preparing netlist for logic optimization
INFO: [Constraints 18-4397] Generator change detected checking ShapeConfig Enum. shapeDB will be regenerated.
INFO: [Opt 31-138] Pushed 0 inverter(s) to 0 load pin(s).
Netlist sorting complete. Time (s): cpu = 00:00:00 ; elapsed = 00:00:00 . Memory (MB): peak = 962.254 ; gain = 0.000
INFO: [Project 1-111] Unisim Transformation Summary:
No Unisim elements were transformed.

INFO: [Project 1-604] Checkpoint was created with Vivado v2017.3 (64-bit) build 2018833
open_checkpoint: Time (s): cpu = 00:00:21 ; elapsed = 00:00:12 . Memory (MB): peak = 1132.473 ; gain = 508.238
exit
INFO: [Common 17-206] Exiting Vivado at Thu Oct 13 20:26:29 2022...
