#-----------------------------------------------------------
# Vivado v2018.3 (64-bit)
# SW Build 2405991 on Thu Dec  6 23:38:27 MST 2018
# IP Build 2404404 on Fri Dec  7 01:43:56 MST 2018
# Start of session at: Mon Nov 14 21:26:17 2022
# Process ID: 14744
# Current directory: d:/Downloads/coalab-master/CPU_core
# Command line: vivado.exe -gui_launcher_event rodinguilauncherevent2276 d:\Downloads\coalab-master\CPU_core\MiniMIPS32.xpr
# Log file: d:/Downloads/coalab-master/CPU_core/vivado.log
# Journal file: d:/Downloads/coalab-master/CPU_core\vivado.jou
#-----------------------------------------------------------
start_gui
open_project d:/Downloads/coalab-master/CPU_core/MiniMIPS32.xpr
Scanning sources...
Finished scanning sources
INFO: [IP_Flow 19-234] Refreshing IP repositories
INFO: [IP_Flow 19-1704] No user IP repositories specified
INFO: [IP_Flow 19-2313] Loaded Vivado IP repository 'E:/Xilinx/Vivado/2018.3/data/ip'.
open_project: Time (s): cpu = 00:00:10 ; elapsed = 00:00:16 . Memory (MB): peak = 699.539 ; gain = 103.273
update_compile_order -fileset sources_1
exit
INFO: [Common 17-206] Exiting Vivado at Tue Nov 15 01:34:16 2022...
